07/07/2020 20:13:06 INICIANDO...
07/07/2020 20:13:06 2.6.0.12
07/07/2020 20:13:06 Usuário: ghizo(Administrador)
07/07/2020 20:13:06 Versão do Sistema Operacional: 6.2.9200
07/07/2020 20:13:06 64 Bits: true
07/07/2020 20:13:06   ( 0.7 )
07/07/2020 20:13:06 UAC: Ativado
07/07/2020 20:13:06 Verificando se Mozilla Firefox está instalado...
07/07/2020 20:13:06 Mozilla Firefox não instalado.
07/07/2020 20:13:06 [1: Ajustando ambiente] Verificando...
07/07/2020 20:13:06 [1: Ajustando ambiente] Corrigindo TLS.
07/07/2020 20:13:06 [1: Ajustando ambiente] Ok.
07/07/2020 20:13:06 [2: Ajustes iniciais] Verificando...
07/07/2020 20:13:06 [2: Ajustes iniciais] Ok.
07/07/2020 20:13:06 [3: Instalação dos certificados raíz] Verificando...
07/07/2020 20:13:06 [3: Instalação dos certificados raíz] Efetuando download do instalador...
07/07/2020 20:13:08 [3: Instalação dos certificados raíz] Instalando...
07/07/2020 20:13:08 [3: Instalação dos certificados raíz] Ok.
07/07/2020 20:13:08 [5: Ajustes adicionais] Verificando...
07/07/2020 20:13:08 [5: Ajustes adicionais] Limpando...
07/07/2020 20:13:08 [5: Ajustes adicionais] Ok.
07/07/2020 20:13:08 [7: Instalando módulo de segurança] Verificando...
07/07/2020 20:13:08 [7: Instalando módulo de segurança] Efetuando download do instalador...
07/07/2020 20:13:28 [7: Instalando módulo de segurança] Instalando...
07/07/2020 20:13:53 [7: Instalando módulo de segurança] Ok.
07/07/2020 20:13:53 [8: Preparando módulo de segurança] Verificando...
07/07/2020 20:13:53 [8: Preparando módulo de segurança] Ok.
07/07/2020 20:13:53 [9: Finalizando a instalação] Verificando...
07/07/2020 20:13:53 [9: Finalizando a instalação] Ok.
07/07/2020 20:13:53 [10: Validando a instalação] Verificando...
07/07/2020 20:13:59 [10: Validando a instalação] Instalando...
07/07/2020 20:14:11 [10: Validando a instalação] Ok.
07/07/2020 20:14:11 [12: Ajustando ambiente] Verificando...
07/07/2020 20:14:11 [12: Ajustando ambiente] Ok.
07/07/2020 20:14:11 [13: Concluindo ajustes] Verificando...
07/07/2020 20:14:26 [13: Concluindo ajustes] CONCLUÍDO.
07/07/2020 20:14:26 CONCLUÍDO.
